<?xml version="1.0" encoding="UTF-8"?>
<!-- Generated by org.testng.reporters.JUnitReportReporter -->
<testsuite hostname="LAPTOP-IL4M4SSK" failures="0" tests="4" name="Test.Test2" time="0.008" errors="0" timestamp="2022-04-23T10:27:38 IST" skipped="0">
  <testcase classname="Test.Test2" name="test2" time="0.001"/>
  <system-out/>
  <testcase classname="Test.Test2" name="test4" time="0.001"/>
  <system-out/>
  <testcase classname="Test.Test2" name="test1" time="0.006"/>
  <system-out/>
  <testcase classname="Test.Test2" name="test3" time="0.000"/>
  <system-out/>
</testsuite> <!-- Test.Test2 -->
