<?xml version="1.0" encoding="UTF-8"?>
<!-- Generated by org.testng.reporters.JUnitReportReporter -->
<testsuite hostname="LAPTOP-IL4M4SSK" failures="0" tests="2" name="Test.LoginTest" time="13.671" errors="0" timestamp="2022-04-27T23:14:55 IST" skipped="0">
  <testcase classname="Test.LoginTest" name="LoginWithSheet" time="5.522"/>
  <system-out/>
  <testcase classname="Test.LoginTest" name="clickpin" time="8.149"/>
  <system-out/>
</testsuite> <!-- Test.LoginTest -->
